[1735702975] ----------------------------------
	SERVER LOG
----------------------------------

[1735702980] New connection, socket fd is 5, ip is: 127.0.0.1, port: 60568
[1735702980] Loaded questions
[1735702980] -------- New Player --------
[1735702983] Received total 4 bytes
[1735702983] Received message: Lalo
[1735702983] Error sending message
[1735702983] New player joined: Lalo
[1735702983] -------- Find Player By Socket --------
[1735702983] -------- Play Trivia --------
[1735702983] -------- Find Player By Socket --------
[1735702983] Player found for socket: 5
[1735702983] -------- Theme Selection --------
[1735702985] Received total 1 bytes
[1735702985] Received message: 1
[1735702985] -------- Find Player By Socket --------
[1735702985] Received theme selection from player Lalo: 1
[1735702985] Quiz not completed yet
[1735702985] Error sending message
[1735702985] -------- Play Trivia --------
[1735702985] -------- Find Player By Socket --------
[1735702985] Player found for socket: 5
[1735702985] -------- Theme Selection --------
[1735703408] ----------------------------------
	SERVER LOG
----------------------------------

[1735703410] New connection, socket fd is 5, ip is: 127.0.0.1, port: 60731
[1735703410] Loaded questions
[1735703410] -------- New Player --------
[1735703413] Received total 4 bytes
[1735703413] Received message: LAlo
[1735703413] Sent total 2 bytes
[1735703413] Sent message: OK
[1735703413] New player joined: LAlo
[1735703413] -------- Find Player By Socket --------
[1735703413] -------- Play Trivia --------
[1735703413] -------- Find Player By Socket --------
[1735703413] Player found for socket: 5
[1735703413] -------- Theme Selection --------
[1735703415] Received total 1 bytes
[1735703415] Received message: 1
[1735703415] -------- Find Player By Socket --------
[1735703415] Received theme selection from player LAlo: 1
[1735703415] Quiz not completed yet
[1735703415] Sent total 2 bytes
[1735703415] Sent message: OK
[1735703415] Loaded technology questions for player LAlo
[1735703415] Sent total 22 bytes
[1735703415] Sent message: Who founded Microsoft?
[1735703415] Sent question no. 0 to player LAlo
[1735703415] Q: Who founded Microsoft?
[1735703415] A: Bill Gates
[1735703427] Received total 10 bytes
[1735703427] Received message: Bill Gates
[1735703427] Received answer from player LAlo: Bill Gates
[1735703427] Sent total 7 bytes
[1735703427] Sent message: CORRECT
[1735703427] Sent total 72 bytes
[1735703427] Sent message: Which company introduced the first commercial personal computer in 1981?
[1735703427] Sent question no. 1 to player LAlo
[1735703427] Q: Which company introduced the first commercial personal computer in 1981?
[1735703427] A: IBM
[1735703435] Received total 3 bytes
[1735703435] Received message: IBM
[1735703435] Received answer from player LAlo: IBM
[1735703435] Sent total 7 bytes
[1735703435] Sent message: CORRECT
[1735703435] Sent total 32 bytes
[1735703435] Sent message: Who invented the World Wide Web?
[1735703435] Sent question no. 2 to player LAlo
[1735703435] Q: Who invented the World Wide Web?
[1735703435] A: Tim Berners-Lee
[1735703441] Received total 4 bytes
[1735703441] Received message: Paul
[1735703441] Received answer from player LAlo: Paul
[1735703441] Sent total 9 bytes
[1735703441] Sent message: INCORRECT
[1735703441] Sent total 24 bytes
[1735703441] Sent message: What does CPU stand for?
[1735703441] Sent question no. 3 to player LAlo
[1735703441] Q: What does CPU stand for?
[1735703441] A: Central Processing Unit
[1735703450] Received total 23 bytes
[1735703450] Received message: Central Processing Unit
[1735703450] Received answer from player LAlo: Central Processing Unit
[1735703450] Sent total 7 bytes
[1735703450] Sent message: CORRECT
[1735703450] Sent total 58 bytes
[1735703450] Sent message: What programming language was created by Guido van Rossum?
[1735703450] Sent question no. 4 to player LAlo
[1735703450] Q: What programming language was created by Guido van Rossum?
[1735703450] A: Python
[1735703455] Received total 6 bytes
[1735703455] Received message: Python
[1735703455] Received answer from player LAlo: Python
[1735703455] Sent total 7 bytes
[1735703455] Sent message: CORRECT
[1735703455] Sent total 33 bytes
[1735703455] Sent message: En que lago me ganaab de la caca?
[1735703455] Sent question no. 5 to player LAlo
[1735703455] Q: En que lago me ganaab de la caca?
[1735703455] A: Lago titikaka
[1735703466] Received total 13 bytes
[1735703466] Received message: Lago titikaka
[1735703466] Received answer from player LAlo: Lago titikaka
[1735703466] Sent total 7 bytes
[1735703466] Sent message: CORRECT
[1735703466] -------- Play Trivia --------
[1735703466] -------- Find Player By Socket --------
[1735703466] Player found for socket: 5
[1735703466] -------- Theme Selection --------
